<?xml version="1.0" encoding="UTF-8"?>
<coverage generated="1664130143780" clover="3.2.0">
  <project timestamp="1664130143780" name="All files">
    <metrics statements="20" coveredstatements="16" conditionals="2" coveredconditionals="2" methods="8" coveredmethods="6" elements="30" coveredelements="24" complexity="0" loc="20" ncloc="20" packages="1" files="1" classes="1"/>
    <file name="generators.tsx" path="/Users/andrejnankov/Documents/github/Personal/react-native-solid-datepicker/solid-datepicker/src/helpers/generators.tsx">
      <metrics statements="20" coveredstatements="16" conditionals="2" coveredconditionals="2" methods="8" coveredmethods="6"/>
      <line num="3" count="1" type="stmt"/>
      <line num="7" count="3" type="stmt"/>
      <line num="9" count="3" type="stmt"/>
      <line num="10" count="6" type="stmt"/>
      <line num="16" count="3" type="stmt"/>
      <line num="19" count="1" type="stmt"/>
      <line num="20" count="12" type="stmt"/>
      <line num="26" count="1" type="stmt"/>
      <line num="30" count="14" type="stmt"/>
      <line num="31" count="14" type="stmt"/>
      <line num="32" count="14" type="stmt"/>
      <line num="35" count="14" type="cond" truecount="2" falsecount="0"/>
      <line num="37" count="14" type="stmt"/>
      <line num="39" count="14" type="stmt"/>
      <line num="41" count="394" type="stmt"/>
      <line num="46" count="394" type="stmt"/>
      <line num="51" count="0" type="stmt"/>
      <line num="53" count="0" type="stmt"/>
      <line num="55" count="0" type="stmt"/>
      <line num="60" count="0" type="stmt"/>
    </file>
  </project>
</coverage>
