{"total": {"lines":{"total":20,"covered":16,"skipped":0,"pct":80},"statements":{"total":24,"covered":19,"skipped":0,"pct":79.16},"functions":{"total":8,"covered":6,"skipped":0,"pct":75},"branches":{"total":2,"covered":2,"skipped":0,"pct":100},"branchesTrue":{"total":0,"covered":0,"skipped":0,"pct":"Unknown"}}
,"/Users/andrejnankov/Documents/github/Personal/react-native-solid-datepicker/solid-datepicker/src/helpers/generators.tsx": {"lines":{"total":20,"covered":16,"skipped":0,"pct":80},"functions":{"total":8,"covered":6,"skipped":0,"pct":75},"statements":{"total":24,"covered":19,"skipped":0,"pct":79.16},"branches":{"total":2,"covered":2,"skipped":0,"pct":100}}
}
