{"/Users/andrejnankov/Documents/github/Personal/react-native-solid-datepicker/solid-datepicker/src/helpers/generators.tsx": {"path":"/Users/andrejnankov/Documents/github/Personal/react-native-solid-datepicker/solid-datepicker/src/helpers/generators.tsx","statementMap":{"0":{"start":{"line":3,"column":30},"end":{"line":17,"column":1}},"1":{"start":{"line":7,"column":14},"end":{"line":7,"column":16}},"2":{"start":{"line":9,"column":2},"end":{"line":14,"column":3}},"3":{"start":{"line":9,"column":15},"end":{"line":9,"column":18}},"4":{"start":{"line":10,"column":4},"end":{"line":13,"column":7}},"5":{"start":{"line":16,"column":2},"end":{"line":16,"column":39}},"6":{"start":{"line":19,"column":31},"end":{"line":24,"column":1}},"7":{"start":{"line":20,"column":2},"end":{"line":23,"column":6}},"8":{"start":{"line":20,"column":73},"end":{"line":23,"column":3}},"9":{"start":{"line":26,"column":34},"end":{"line":65,"column":1}},"10":{"start":{"line":30,"column":2},"end":{"line":64,"column":3}},"11":{"start":{"line":31,"column":29},"end":{"line":31,"column":48}},"12":{"start":{"line":32,"column":28},"end":{"line":32,"column":46}},"13":{"start":{"line":35,"column":6},"end":{"line":35,"column":68}},"14":{"start":{"line":37,"column":39},"end":{"line":37,"column":80}},"15":{"start":{"line":39,"column":33},"end":{"line":42,"column":5}},"16":{"start":{"line":41,"column":16},"end":{"line":41,"column":21}},"17":{"start":{"line":46,"column":4},"end":{"line":49,"column":8}},"18":{"start":{"line":46,"column":47},"end":{"line":49,"column":5}},"19":{"start":{"line":51,"column":39},"end":{"line":51,"column":48}},"20":{"start":{"line":53,"column":33},"end":{"line":56,"column":5}},"21":{"start":{"line":55,"column":16},"end":{"line":55,"column":21}},"22":{"start":{"line":60,"column":4},"end":{"line":63,"column":8}},"23":{"start":{"line":60,"column":47},"end":{"line":63,"column":5}}},"fnMap":{"0":{"name":"(anonymous_0)","decl":{"start":{"line":3,"column":30},"end":{"line":3,"column":31}},"loc":{"start":{"line":6,"column":41},"end":{"line":17,"column":1}},"line":6},"1":{"name":"(anonymous_1)","decl":{"start":{"line":19,"column":31},"end":{"line":19,"column":32}},"loc":{"start":{"line":19,"column":73},"end":{"line":24,"column":1}},"line":19},"2":{"name":"(anonymous_2)","decl":{"start":{"line":20,"column":34},"end":{"line":20,"column":35}},"loc":{"start":{"line":20,"column":73},"end":{"line":23,"column":3}},"line":20},"3":{"name":"(anonymous_3)","decl":{"start":{"line":26,"column":34},"end":{"line":26,"column":35}},"loc":{"start":{"line":29,"column":41},"end":{"line":65,"column":1}},"line":29},"4":{"name":"(anonymous_4)","decl":{"start":{"line":41,"column":6},"end":{"line":41,"column":7}},"loc":{"start":{"line":41,"column":16},"end":{"line":41,"column":21}},"line":41},"5":{"name":"(anonymous_5)","decl":{"start":{"line":46,"column":36},"end":{"line":46,"column":37}},"loc":{"start":{"line":46,"column":47},"end":{"line":49,"column":5}},"line":46},"6":{"name":"(anonymous_6)","decl":{"start":{"line":55,"column":6},"end":{"line":55,"column":7}},"loc":{"start":{"line":55,"column":16},"end":{"line":55,"column":21}},"line":55},"7":{"name":"(anonymous_7)","decl":{"start":{"line":60,"column":36},"end":{"line":60,"column":37}},"loc":{"start":{"line":60,"column":47},"end":{"line":63,"column":5}},"line":60}},"branchMap":{"0":{"loc":{"start":{"line":35,"column":6},"end":{"line":35,"column":68}},"type":"cond-expr","locations":[{"start":{"line":35,"column":21},"end":{"line":35,"column":40}},{"start":{"line":35,"column":43},"end":{"line":35,"column":68}}],"line":35}},"s":{"0":1,"1":3,"2":3,"3":3,"4":6,"5":3,"6":1,"7":1,"8":12,"9":1,"10":14,"11":14,"12":14,"13":14,"14":14,"15":14,"16":394,"17":14,"18":394,"19":0,"20":0,"21":0,"22":0,"23":0},"f":{"0":3,"1":1,"2":12,"3":14,"4":394,"5":394,"6":0,"7":0},"b":{"0":[4,10]},"_coverageSchema":"1a1c01bbd47fc00a2c39e90264f33305004495a9","hash":"bbbe5f3d99d6bde1549da3611aabffac7b9f719b"}
}
