TN:
SF:src/helpers/generators.tsx
FN:3,(anonymous_0)
FN:19,(anonymous_1)
FN:20,(anonymous_2)
FN:26,(anonymous_3)
FN:41,(anonymous_4)
FN:46,(anonymous_5)
FN:55,(anonymous_6)
FN:60,(anonymous_7)
FNF:8
FNH:6
FNDA:3,(anonymous_0)
FNDA:1,(anonymous_1)
FNDA:12,(anonymous_2)
FNDA:14,(anonymous_3)
FNDA:394,(anonymous_4)
FNDA:394,(anonymous_5)
FNDA:0,(anonymous_6)
FNDA:0,(anonymous_7)
DA:3,1
DA:7,3
DA:9,3
DA:10,6
DA:16,3
DA:19,1
DA:20,12
DA:26,1
DA:30,14
DA:31,14
DA:32,14
DA:35,14
DA:37,14
DA:39,14
DA:41,394
DA:46,394
DA:51,0
DA:53,0
DA:55,0
DA:60,0
LF:20
LH:16
BRDA:35,0,0,4
BRDA:35,0,1,10
BRF:2
BRH:2
end_of_record
