TN:
SF:src/helpers/generators.tsx
FN:3,(anonymous_0)
FN:19,(anonymous_1)
FN:20,(anonymous_2)
FN:26,(anonymous_3)
FN:41,(anonymous_4)
FN:46,(anonymous_5)
FNF:6
FNH:6
FNDA:3,(anonymous_0)
FNDA:1,(anonymous_1)
FNDA:12,(anonymous_2)
FNDA:15,(anonymous_3)
FNDA:425,(anonymous_4)
FNDA:425,(anonymous_5)
DA:3,1
DA:7,3
DA:9,3
DA:10,6
DA:16,3
DA:19,1
DA:20,12
DA:26,1
DA:30,15
DA:31,15
DA:32,15
DA:35,15
DA:37,15
DA:39,15
DA:41,425
DA:46,425
LF:16
LH:16
BRDA:35,0,0,4
BRDA:35,0,1,11
BRF:2
BRH:2
end_of_record
